Using pre-set license
Built from '2021.3/staging' branch; Version is '2021.3.3f1 (af2e63e8f9bd) revision 11480675'; Using compiler version '192829333'; Build Type 'Release'
OS: 'Windows 10  (10.0.19044) 64bit CoreSingleLanguage' Language: 'en' Physical Memory: 16259 MB
BatchMode: 1, IsHumanControllingUs: 0, StartBugReporterOnCrash: 0, Is64bit: 1, IsPro: 1

COMMAND LINE ARGUMENTS:
D:\Program Files\Unity\2021.3.3f1\Editor\Unity.exe
-adb2
-batchMode
-noUpm
-name
AssetImportWorker0
-projectPath
D:/Protect the Popsickle
-logFile
Logs/AssetImportWorker0.log
-srvPort
62790
Successfully changed project path to: D:/Protect the Popsickle
D:/Protect the Popsickle
[UnityMemory] Configuration Parameters - Can be set up in boot.config
    "memorysetup-bucket-allocator-granularity=16"
    "memorysetup-bucket-allocator-bucket-count=8"
    "memorysetup-bucket-allocator-block-size=33554432"
    "memorysetup-bucket-allocator-block-count=8"
    "memorysetup-main-allocator-block-size=16777216"
    "memorysetup-thread-allocator-block-size=16777216"
    "memorysetup-gfx-main-allocator-block-size=16777216"
    "memorysetup-gfx-thread-allocator-block-size=16777216"
    "memorysetup-cache-allocator-block-size=4194304"
    "memorysetup-typetree-allocator-block-size=2097152"
    "memorysetup-profiler-bucket-allocator-granularity=16"
    "memorysetup-profiler-bucket-allocator-bucket-count=8"
    "memorysetup-profiler-bucket-allocator-block-size=33554432"
    "memorysetup-profiler-bucket-allocator-block-count=8"
    "memorysetup-profiler-allocator-block-size=16777216"
    "memorysetup-profiler-editor-allocator-block-size=1048576"
    "memorysetup-temp-allocator-size-main=16777216"
    "memorysetup-job-temp-allocator-block-size=2097152"
    "memorysetup-job-temp-allocator-block-size-background=1048576"
    "memorysetup-job-temp-allocator-reduction-small-platforms=262144"
    "memorysetup-temp-allocator-size-background-worker=32768"
    "memorysetup-temp-allocator-size-job-worker=262144"
    "memorysetup-temp-allocator-size-preload-manager=33554432"
    "memorysetup-temp-allocator-size-nav-mesh-worker=65536"
    "memorysetup-temp-allocator-size-audio-worker=65536"
    "memorysetup-temp-allocator-size-cloud-worker=32768"
    "memorysetup-temp-allocator-size-gi-baking-worker=262144"
    "memorysetup-temp-allocator-size-gfx=262144"
Refreshing native plugins compatible for Editor in 103.35 ms, found 3 plugins.
Preloading 0 native plugins for Editor in 0.00 ms.
Initialize engine version: 2021.3.3f1 (af2e63e8f9bd)
[Subsystems] Discovering subsystems at path D:/Program Files/Unity/2021.3.3f1/Editor/Data/Resources/UnitySubsystems
[Subsystems] Discovering subsystems at path D:/Protect the Popsickle/Assets
GfxDevice: creating device client; threaded=0; jobified=0
Direct3D:
    Version:  Direct3D 11.0 [level 11.1]
    Renderer: NVIDIA GeForce GTX 1050 (ID=0x1c8d)
    Vendor:   NVIDIA
    VRAM:     4021 MB
    Driver:   23.21.13.9125
Initialize mono
Mono path[0] = 'D:/Program Files/Unity/2021.3.3f1/Editor/Data/Managed'
Mono path[1] = 'D:/Program Files/Unity/2021.3.3f1/Editor/Data/MonoBleedingEdge/lib/mono/unityjit-win32'
Mono config path = 'D:/Program Files/Unity/2021.3.3f1/Editor/Data/MonoBleedingEdge/etc'
Using monoOptions --debugger-agent=transport=dt_socket,embedding=1,server=y,suspend=n,address=127.0.0.1:56368
Begin MonoManager ReloadAssembly
Registering precompiled unity dll's ...
Register platform support module: D:/Program Files/Unity/2021.3.3f1/Editor/Data/PlaybackEngines/WebGLSupport/UnityEditor.WebGL.Extensions.dll
Register platform support module: D:/Program Files/Unity/2021.3.3f1/Editor/Data/PlaybackEngines/WindowsStandaloneSupport/UnityEditor.WindowsStandalone.Extensions.dll
Registered in 0.003370 seconds.
Native extension for WindowsStandalone target not found
Native extension for WebGL target not found
Refreshing native plugins compatible for Editor in 98.63 ms, found 3 plugins.
Preloading 0 native plugins for Editor in 0.00 ms.
Mono: successfully reloaded assembly
- Completed reload, in  0.821 seconds
Domain Reload Profiling:
	ReloadAssembly (821ms)
		BeginReloadAssembly (93ms)
			ExecutionOrderSort (0ms)
			DisableScriptedObjects (0ms)
			BackupInstance (0ms)
			ReleaseScriptingObjects (0ms)
			CreateAndSetChildDomain (1ms)
		EndReloadAssembly (604ms)
			LoadAssemblies (92ms)
			RebuildTransferFunctionScriptingTraits (0ms)
			SetupTypeCache (144ms)
			ReleaseScriptCaches (0ms)
			RebuildScriptCaches (33ms)
			SetupLoadedEditorAssemblies (354ms)
				LogAssemblyErrors (0ms)
				InitializePlatformSupportModulesInManaged (9ms)
				SetLoadedEditorAssemblies (0ms)
				RefreshPlugins (99ms)
				BeforeProcessingInitializeOnLoad (1ms)
				ProcessInitializeOnLoadAttributes (180ms)
				ProcessInitializeOnLoadMethodAttributes (65ms)
				AfterProcessingInitializeOnLoad (0ms)
				EditorAssembliesLoaded (0ms)
			ExecutionOrderSort2 (0ms)
			AwakeInstancesAfterBackupRestoration (0ms)
Platform modules already initialized, skipping
Registering precompiled user dll's ...
Registered in 0.004585 seconds.
Begin MonoManager ReloadAssembly
Symbol file LoadedFromMemory doesn't match image D:\Protect the Popsickle\Library\PackageCache\com.unity.visualscripting@1.7.6\Editor\VisualScripting.Core\Dependencies\YamlDotNet\Unity.VisualScripting.YamlDotNet.dll
Symbol file LoadedFromMemory doesn't match image D:\Protect the Popsickle\Library\PackageCache\com.unity.visualscripting@1.7.6\Editor\VisualScripting.Core\Dependencies\DotNetZip\Unity.VisualScripting.IonicZip.dll
Native extension for WindowsStandalone target not found
Native extension for WebGL target not found
Refreshing native plugins compatible for Editor in 1.13 ms, found 3 plugins.
Preloading 0 native plugins for Editor in 0.00 ms.
Mono: successfully reloaded assembly
- Completed reload, in  1.819 seconds
Domain Reload Profiling:
	ReloadAssembly (1821ms)
		BeginReloadAssembly (164ms)
			ExecutionOrderSort (0ms)
			DisableScriptedObjects (10ms)
			BackupInstance (0ms)
			ReleaseScriptingObjects (0ms)
			CreateAndSetChildDomain (25ms)
		EndReloadAssembly (1486ms)
			LoadAssemblies (123ms)
			RebuildTransferFunctionScriptingTraits (0ms)
			SetupTypeCache (498ms)
			ReleaseScriptCaches (1ms)
			RebuildScriptCaches (98ms)
			SetupLoadedEditorAssemblies (651ms)
				LogAssemblyErrors (0ms)
				InitializePlatformSupportModulesInManaged (14ms)
				SetLoadedEditorAssemblies (1ms)
				RefreshPlugins (1ms)
				BeforeProcessingInitializeOnLoad (167ms)
				ProcessInitializeOnLoadAttributes (415ms)
				ProcessInitializeOnLoadMethodAttributes (46ms)
				AfterProcessingInitializeOnLoad (7ms)
				EditorAssembliesLoaded (0ms)
			ExecutionOrderSort2 (0ms)
			AwakeInstancesAfterBackupRestoration (11ms)
Platform modules already initialized, skipping
========================================================================
Worker process is ready to serve import requests
Launched and connected shader compiler UnityShaderCompiler.exe after 0.09 seconds
Refreshing native plugins compatible for Editor in 1.58 ms, found 3 plugins.
Preloading 0 native plugins for Editor in 0.00 ms.
Unloading 3364 Unused Serialized files (Serialized files now loaded: 0)
Unloading 26 unused Assets / (112.1 KB). Loaded Objects now: 3821.
Memory consumption went from 115.8 MB to 115.7 MB.
Total: 4.449100 ms (FindLiveObjects: 0.363200 ms CreateObjectMapping: 0.306800 ms MarkObjects: 3.645800 ms  DeleteObjects: 0.131700 ms)

AssetImportParameters requested are different than current active one (requested -> active):
  custom:video-decoder-ogg-theora: a1e56fd34408186e4bbccfd4996cb3dc -> 
  custom:container-muxer-webm: aa71ff27fc2769a1b78a27578f13a17b -> 
  custom:container-demuxer-webm: 4f35f7cbe854078d1ac9338744f61a02 -> 
  custom:video-encoder-webm-vp8: eb34c28f22e8b96e1ab97ce403110664 -> 
  custom:audio-encoder-webm-vorbis: bf7c407c2cedff20999df2af8eb42d56 -> 
  custom:framework-win-MediaFoundation: 216162199b28c13a410421893ffa2e32 -> 
  custom:container-demuxer-ogg: 62fdf1f143b41e24485cea50d1cbac27 -> 
  custom:video-decoder-webm-vp8: 9c59270c3fd7afecdb556c50c9e8de78 -> 
  custom:audio-decoder-ogg-vorbis: bf7c407c2cedff20999df2af8eb42d56 -> 
========================================================================
Received Import Request.
  Time since last request: 21119.100255 seconds.
  path: Assets/Player.prefab
  artifactKey: Guid(c2b661c346549a2448a78f71d3ff1d2e) Importer(815301076,1909f56bfc062723c751e8b465ee728b)
Start importing Assets/Player.prefab using Guid(c2b661c346549a2448a78f71d3ff1d2e) Importer(815301076,1909f56bfc062723c751e8b465ee728b)  -> (artifact id: '3319c4b01bfd8e7fac97be3502dcd8b6') in 0.171630 seconds 
========================================================================
Received Import Request.
  Time since last request: 14.869577 seconds.
  path: Assets/Player.prefab
  artifactKey: Guid(c2b661c346549a2448a78f71d3ff1d2e) Importer(815301076,1909f56bfc062723c751e8b465ee728b)
Start importing Assets/Player.prefab using Guid(c2b661c346549a2448a78f71d3ff1d2e) Importer(815301076,1909f56bfc062723c751e8b465ee728b)  -> (artifact id: '100a5fcdc635c1238d0af0922931dfd2') in 0.016730 seconds 
========================================================================
Received Import Request.
  Time since last request: 9.844711 seconds.
  path: Assets/Player.prefab
  artifactKey: Guid(c2b661c346549a2448a78f71d3ff1d2e) Importer(815301076,1909f56bfc062723c751e8b465ee728b)
Start importing Assets/Player.prefab using Guid(c2b661c346549a2448a78f71d3ff1d2e) Importer(815301076,1909f56bfc062723c751e8b465ee728b)  -> (artifact id: '557bb229c118e59ebda3b120a29a73a6') in 0.016166 seconds 
========================================================================
Received Import Request.
  Time since last request: 13.867093 seconds.
  path: Assets/Player.prefab
  artifactKey: Guid(c2b661c346549a2448a78f71d3ff1d2e) Importer(815301076,1909f56bfc062723c751e8b465ee728b)
Start importing Assets/Player.prefab using Guid(c2b661c346549a2448a78f71d3ff1d2e) Importer(815301076,1909f56bfc062723c751e8b465ee728b)  -> (artifact id: '3b468246cdda87d5a80066e70a397941') in 0.009055 seconds 
========================================================================
Received Import Request.
  Time since last request: 5.433508 seconds.
  path: Assets/Player.prefab
  artifactKey: Guid(c2b661c346549a2448a78f71d3ff1d2e) Importer(815301076,1909f56bfc062723c751e8b465ee728b)
Start importing Assets/Player.prefab using Guid(c2b661c346549a2448a78f71d3ff1d2e) Importer(815301076,1909f56bfc062723c751e8b465ee728b)  -> (artifact id: 'f424f6591ccdcd5219fb7054c77f83e7') in 0.014775 seconds 
========================================================================
Received Import Request.
  Time since last request: 2.332021 seconds.
  path: Assets/Player.prefab
  artifactKey: Guid(c2b661c346549a2448a78f71d3ff1d2e) Importer(815301076,1909f56bfc062723c751e8b465ee728b)
Start importing Assets/Player.prefab using Guid(c2b661c346549a2448a78f71d3ff1d2e) Importer(815301076,1909f56bfc062723c751e8b465ee728b)  -> (artifact id: 'ac1b3dbe4021a4e9c726d4b056c1091f') in 0.014970 seconds 
========================================================================
Received Import Request.
  Time since last request: 6.367910 seconds.
  path: Assets/Player.prefab
  artifactKey: Guid(c2b661c346549a2448a78f71d3ff1d2e) Importer(815301076,1909f56bfc062723c751e8b465ee728b)
Start importing Assets/Player.prefab using Guid(c2b661c346549a2448a78f71d3ff1d2e) Importer(815301076,1909f56bfc062723c751e8b465ee728b)  -> (artifact id: '05e89027fe0da4170e3e388d34af8965') in 0.011912 seconds 
========================================================================
Received Import Request.
  Time since last request: 5.693864 seconds.
  path: Assets/Player.prefab
  artifactKey: Guid(c2b661c346549a2448a78f71d3ff1d2e) Importer(815301076,1909f56bfc062723c751e8b465ee728b)
Start importing Assets/Player.prefab using Guid(c2b661c346549a2448a78f71d3ff1d2e) Importer(815301076,1909f56bfc062723c751e8b465ee728b)  -> (artifact id: 'dacf732f3d78ea61aa57bef4bedd77bd') in 0.012233 seconds 
========================================================================
Received Import Request.
  Time since last request: 2.380725 seconds.
  path: Assets/Player.prefab
  artifactKey: Guid(c2b661c346549a2448a78f71d3ff1d2e) Importer(815301076,1909f56bfc062723c751e8b465ee728b)
Start importing Assets/Player.prefab using Guid(c2b661c346549a2448a78f71d3ff1d2e) Importer(815301076,1909f56bfc062723c751e8b465ee728b)  -> (artifact id: 'd84ac482938911bf0e1a9847656ea6a9') in 0.014837 seconds 
========================================================================
Received Import Request.
  Time since last request: 21.896662 seconds.
  path: Assets/Player.prefab
  artifactKey: Guid(c2b661c346549a2448a78f71d3ff1d2e) Importer(815301076,1909f56bfc062723c751e8b465ee728b)
Start importing Assets/Player.prefab using Guid(c2b661c346549a2448a78f71d3ff1d2e) Importer(815301076,1909f56bfc062723c751e8b465ee728b)  -> (artifact id: 'e12b25a5e172fb7b65ba0f32d18fe8f0') in 0.014597 seconds 
========================================================================
Received Import Request.
  Time since last request: 3.402580 seconds.
  path: Assets/Player.prefab
  artifactKey: Guid(c2b661c346549a2448a78f71d3ff1d2e) Importer(815301076,1909f56bfc062723c751e8b465ee728b)
Start importing Assets/Player.prefab using Guid(c2b661c346549a2448a78f71d3ff1d2e) Importer(815301076,1909f56bfc062723c751e8b465ee728b)  -> (artifact id: '28f0b10f0cbadcba58dde279b2bf8b45') in 0.015184 seconds 
========================================================================
Received Import Request.
  Time since last request: 11.114092 seconds.
  path: Assets/Player.prefab
  artifactKey: Guid(c2b661c346549a2448a78f71d3ff1d2e) Importer(815301076,1909f56bfc062723c751e8b465ee728b)
Start importing Assets/Player.prefab using Guid(c2b661c346549a2448a78f71d3ff1d2e) Importer(815301076,1909f56bfc062723c751e8b465ee728b)  -> (artifact id: '8d07f7aa5b35cd1e6d986d36089dee77') in 0.013124 seconds 
========================================================================
Received Import Request.
  Time since last request: 88.623261 seconds.
  path: Assets/Player.prefab
  artifactKey: Guid(c2b661c346549a2448a78f71d3ff1d2e) Importer(815301076,1909f56bfc062723c751e8b465ee728b)
Start importing Assets/Player.prefab using Guid(c2b661c346549a2448a78f71d3ff1d2e) Importer(815301076,1909f56bfc062723c751e8b465ee728b)  -> (artifact id: 'f2225ddb97c0e28ff1d5e85a5c292a3c') in 0.012141 seconds 
========================================================================
Received Import Request.
  Time since last request: 23.405098 seconds.
  path: Assets/Player.prefab
  artifactKey: Guid(c2b661c346549a2448a78f71d3ff1d2e) Importer(815301076,1909f56bfc062723c751e8b465ee728b)
Start importing Assets/Player.prefab using Guid(c2b661c346549a2448a78f71d3ff1d2e) Importer(815301076,1909f56bfc062723c751e8b465ee728b)  -> (artifact id: '0ef1459571ec78d8eeb9cc42ea7eb4bd') in 0.012391 seconds 
========================================================================
Received Import Request.
  Time since last request: 23.169545 seconds.
  path: Assets/Player.prefab
  artifactKey: Guid(c2b661c346549a2448a78f71d3ff1d2e) Importer(815301076,1909f56bfc062723c751e8b465ee728b)
Start importing Assets/Player.prefab using Guid(c2b661c346549a2448a78f71d3ff1d2e) Importer(815301076,1909f56bfc062723c751e8b465ee728b)  -> (artifact id: 'c61ea7762c3fd7342c1dacab07db0d57') in 0.012295 seconds 
========================================================================
Received Import Request.
  Time since last request: 34.420887 seconds.
  path: Assets/Player.prefab
  artifactKey: Guid(c2b661c346549a2448a78f71d3ff1d2e) Importer(815301076,1909f56bfc062723c751e8b465ee728b)
Start importing Assets/Player.prefab using Guid(c2b661c346549a2448a78f71d3ff1d2e) Importer(815301076,1909f56bfc062723c751e8b465ee728b)  -> (artifact id: '7dca3cb3e524467e5b00f864d036b615') in 0.016841 seconds 
========================================================================
Received Import Request.
  Time since last request: 4.388561 seconds.
  path: Assets/Player.prefab
  artifactKey: Guid(c2b661c346549a2448a78f71d3ff1d2e) Importer(815301076,1909f56bfc062723c751e8b465ee728b)
Start importing Assets/Player.prefab using Guid(c2b661c346549a2448a78f71d3ff1d2e) Importer(815301076,1909f56bfc062723c751e8b465ee728b)  -> (artifact id: 'bb2c9361669094b7db6ee95999aca75d') in 0.009401 seconds 
========================================================================
Received Import Request.
  Time since last request: 24.923784 seconds.
  path: Assets/Player.prefab
  artifactKey: Guid(c2b661c346549a2448a78f71d3ff1d2e) Importer(815301076,1909f56bfc062723c751e8b465ee728b)
Start importing Assets/Player.prefab using Guid(c2b661c346549a2448a78f71d3ff1d2e) Importer(815301076,1909f56bfc062723c751e8b465ee728b)  -> (artifact id: 'fbca5e18e22ef0a43d585a37074bc5c2') in 0.013507 seconds 
========================================================================
Received Import Request.
  Time since last request: 12.926199 seconds.
  path: Assets/Player.prefab
  artifactKey: Guid(c2b661c346549a2448a78f71d3ff1d2e) Importer(815301076,1909f56bfc062723c751e8b465ee728b)
Start importing Assets/Player.prefab using Guid(c2b661c346549a2448a78f71d3ff1d2e) Importer(815301076,1909f56bfc062723c751e8b465ee728b)  -> (artifact id: '4ac8f4bb5d8b200328b92d5ac455facd') in 0.012663 seconds 
========================================================================
Received Import Request.
  Time since last request: 16.398256 seconds.
  path: Assets/Player.prefab
  artifactKey: Guid(c2b661c346549a2448a78f71d3ff1d2e) Importer(815301076,1909f56bfc062723c751e8b465ee728b)
Start importing Assets/Player.prefab using Guid(c2b661c346549a2448a78f71d3ff1d2e) Importer(815301076,1909f56bfc062723c751e8b465ee728b)  -> (artifact id: '54153d77afcb5383e7cb4119c804b2fc') in 0.013946 seconds 
========================================================================
Received Import Request.
  Time since last request: 8.154849 seconds.
  path: Assets/Player.prefab
  artifactKey: Guid(c2b661c346549a2448a78f71d3ff1d2e) Importer(815301076,1909f56bfc062723c751e8b465ee728b)
Start importing Assets/Player.prefab using Guid(c2b661c346549a2448a78f71d3ff1d2e) Importer(815301076,1909f56bfc062723c751e8b465ee728b)  -> (artifact id: '1f38f068dd2d1d5de70829992fc054e2') in 0.012671 seconds 
========================================================================
Received Import Request.
  Time since last request: 9.671960 seconds.
  path: Assets/Player.prefab
  artifactKey: Guid(c2b661c346549a2448a78f71d3ff1d2e) Importer(815301076,1909f56bfc062723c751e8b465ee728b)
Start importing Assets/Player.prefab using Guid(c2b661c346549a2448a78f71d3ff1d2e) Importer(815301076,1909f56bfc062723c751e8b465ee728b)  -> (artifact id: '3749d5c1d7b8a19d204cc696b90a5e92') in 0.243055 seconds 
========================================================================
Received Import Request.
  Time since last request: 10.468875 seconds.
  path: Assets/Player.prefab
  artifactKey: Guid(c2b661c346549a2448a78f71d3ff1d2e) Importer(815301076,1909f56bfc062723c751e8b465ee728b)
Start importing Assets/Player.prefab using Guid(c2b661c346549a2448a78f71d3ff1d2e) Importer(815301076,1909f56bfc062723c751e8b465ee728b)  -> (artifact id: '87c78cd97a133040cf577fce04cbc993') in 0.022566 seconds 
========================================================================
Received Import Request.
  Time since last request: 11.702422 seconds.
  path: Assets/Player.prefab
  artifactKey: Guid(c2b661c346549a2448a78f71d3ff1d2e) Importer(815301076,1909f56bfc062723c751e8b465ee728b)
Start importing Assets/Player.prefab using Guid(c2b661c346549a2448a78f71d3ff1d2e) Importer(815301076,1909f56bfc062723c751e8b465ee728b)  -> (artifact id: 'cef2d3ed6c401aba77b4abb490fb89da') in 0.013339 seconds 
========================================================================
Received Import Request.
  Time since last request: 7.157113 seconds.
  path: Assets/Player.prefab
  artifactKey: Guid(c2b661c346549a2448a78f71d3ff1d2e) Importer(815301076,1909f56bfc062723c751e8b465ee728b)
Start importing Assets/Player.prefab using Guid(c2b661c346549a2448a78f71d3ff1d2e) Importer(815301076,1909f56bfc062723c751e8b465ee728b)  -> (artifact id: '6846b0e46e71a8ec1dd4dba6852a2b29') in 0.467061 seconds 
========================================================================
Received Import Request.
  Time since last request: 6.744042 seconds.
  path: Assets/Player.prefab
  artifactKey: Guid(c2b661c346549a2448a78f71d3ff1d2e) Importer(815301076,1909f56bfc062723c751e8b465ee728b)
Start importing Assets/Player.prefab using Guid(c2b661c346549a2448a78f71d3ff1d2e) Importer(815301076,1909f56bfc062723c751e8b465ee728b)  -> (artifact id: '75563d3e3afe11736e771cbeb879b7ce') in 0.010642 seconds 
========================================================================
Received Import Request.
  Time since last request: 8.794837 seconds.
  path: Assets/Player.prefab
  artifactKey: Guid(c2b661c346549a2448a78f71d3ff1d2e) Importer(815301076,1909f56bfc062723c751e8b465ee728b)
Start importing Assets/Player.prefab using Guid(c2b661c346549a2448a78f71d3ff1d2e) Importer(815301076,1909f56bfc062723c751e8b465ee728b)  -> (artifact id: '101bcc4c04b13b941506b0b5d11b53ba') in 0.008771 seconds 
========================================================================
Received Import Request.
  Time since last request: 14.771536 seconds.
  path: Assets/Player.prefab
  artifactKey: Guid(c2b661c346549a2448a78f71d3ff1d2e) Importer(815301076,1909f56bfc062723c751e8b465ee728b)
Start importing Assets/Player.prefab using Guid(c2b661c346549a2448a78f71d3ff1d2e) Importer(815301076,1909f56bfc062723c751e8b465ee728b)  -> (artifact id: '8e9c16b8a084363925622fabc6b7d865') in 0.011311 seconds 
========================================================================
Received Import Request.
  Time since last request: 9.254270 seconds.
  path: Assets/Player.prefab
  artifactKey: Guid(c2b661c346549a2448a78f71d3ff1d2e) Importer(815301076,1909f56bfc062723c751e8b465ee728b)
Start importing Assets/Player.prefab using Guid(c2b661c346549a2448a78f71d3ff1d2e) Importer(815301076,1909f56bfc062723c751e8b465ee728b)  -> (artifact id: 'b5dc1cd88385fb3153f65a3c6b661ca9') in 0.019276 seconds 
========================================================================
Received Import Request.
  Time since last request: 7.464567 seconds.
  path: Assets/Player.prefab
  artifactKey: Guid(c2b661c346549a2448a78f71d3ff1d2e) Importer(815301076,1909f56bfc062723c751e8b465ee728b)
Start importing Assets/Player.prefab using Guid(c2b661c346549a2448a78f71d3ff1d2e) Importer(815301076,1909f56bfc062723c751e8b465ee728b)  -> (artifact id: '38be172052ac51d84e72098ebdafe420') in 0.013717 seconds 
========================================================================
Received Import Request.
  Time since last request: 18.082798 seconds.
  path: Assets/Player.prefab
  artifactKey: Guid(c2b661c346549a2448a78f71d3ff1d2e) Importer(815301076,1909f56bfc062723c751e8b465ee728b)
Start importing Assets/Player.prefab using Guid(c2b661c346549a2448a78f71d3ff1d2e) Importer(815301076,1909f56bfc062723c751e8b465ee728b)  -> (artifact id: '62ea6c858a55ccfe06375c794ece3c34') in 0.009296 seconds 
========================================================================
Received Import Request.
  Time since last request: 37.008135 seconds.
  path: Assets/Player.prefab
  artifactKey: Guid(c2b661c346549a2448a78f71d3ff1d2e) Importer(815301076,1909f56bfc062723c751e8b465ee728b)
Start importing Assets/Player.prefab using Guid(c2b661c346549a2448a78f71d3ff1d2e) Importer(815301076,1909f56bfc062723c751e8b465ee728b)  -> (artifact id: 'ebeaf873a8b56826636ff332341c88d4') in 0.014081 seconds 
========================================================================
Received Import Request.
  Time since last request: 3.984179 seconds.
  path: Assets/Player.prefab
  artifactKey: Guid(c2b661c346549a2448a78f71d3ff1d2e) Importer(815301076,1909f56bfc062723c751e8b465ee728b)
Start importing Assets/Player.prefab using Guid(c2b661c346549a2448a78f71d3ff1d2e) Importer(815301076,1909f56bfc062723c751e8b465ee728b)  -> (artifact id: '92b41a0784cace1e1cc2283a1345fcaa') in 0.012178 seconds 
========================================================================
Received Import Request.
  Time since last request: 5.038144 seconds.
  path: Assets/Player.prefab
  artifactKey: Guid(c2b661c346549a2448a78f71d3ff1d2e) Importer(815301076,1909f56bfc062723c751e8b465ee728b)
Start importing Assets/Player.prefab using Guid(c2b661c346549a2448a78f71d3ff1d2e) Importer(815301076,1909f56bfc062723c751e8b465ee728b)  -> (artifact id: 'faf1a5130a84eef3f0b35f196e000ddc') in 0.012402 seconds 
========================================================================
Received Import Request.
  Time since last request: 6.652248 seconds.
  path: Assets/Player.prefab
  artifactKey: Guid(c2b661c346549a2448a78f71d3ff1d2e) Importer(815301076,1909f56bfc062723c751e8b465ee728b)
Start importing Assets/Player.prefab using Guid(c2b661c346549a2448a78f71d3ff1d2e) Importer(815301076,1909f56bfc062723c751e8b465ee728b)  -> (artifact id: '0c03045faf52e317c4c03c0919343d50') in 0.013558 seconds 
========================================================================
Received Import Request.
  Time since last request: 5.431845 seconds.
  path: Assets/Player.prefab
  artifactKey: Guid(c2b661c346549a2448a78f71d3ff1d2e) Importer(815301076,1909f56bfc062723c751e8b465ee728b)
Start importing Assets/Player.prefab using Guid(c2b661c346549a2448a78f71d3ff1d2e) Importer(815301076,1909f56bfc062723c751e8b465ee728b)  -> (artifact id: '961170d7296e322fca1728b7f1e9d39d') in 0.013972 seconds 
========================================================================
Received Import Request.
  Time since last request: 4.292042 seconds.
  path: Assets/Player.prefab
  artifactKey: Guid(c2b661c346549a2448a78f71d3ff1d2e) Importer(815301076,1909f56bfc062723c751e8b465ee728b)
Start importing Assets/Player.prefab using Guid(c2b661c346549a2448a78f71d3ff1d2e) Importer(815301076,1909f56bfc062723c751e8b465ee728b)  -> (artifact id: '828652f42ddccb32cedc4123a7f8aa1d') in 0.012073 seconds 
========================================================================
Received Import Request.
  Time since last request: 13.558233 seconds.
  path: Assets/Player.prefab
  artifactKey: Guid(c2b661c346549a2448a78f71d3ff1d2e) Importer(815301076,1909f56bfc062723c751e8b465ee728b)
Start importing Assets/Player.prefab using Guid(c2b661c346549a2448a78f71d3ff1d2e) Importer(815301076,1909f56bfc062723c751e8b465ee728b)  -> (artifact id: '888d8eb68239eed675fdfc5fdc5c0846') in 0.015258 seconds 
========================================================================
Received Import Request.
  Time since last request: 7.646714 seconds.
  path: Assets/Player.prefab
  artifactKey: Guid(c2b661c346549a2448a78f71d3ff1d2e) Importer(815301076,1909f56bfc062723c751e8b465ee728b)
Start importing Assets/Player.prefab using Guid(c2b661c346549a2448a78f71d3ff1d2e) Importer(815301076,1909f56bfc062723c751e8b465ee728b)  -> (artifact id: 'cb146027b7a5ea33b35999761f727c92') in 0.414513 seconds 
========================================================================
Received Import Request.
  Time since last request: 13.869018 seconds.
  path: Assets/SkinTone.mat
  artifactKey: Guid(3cb70a2c923288f42aa3cc72eb20b902) Importer(815301076,1909f56bfc062723c751e8b465ee728b)
Start importing Assets/SkinTone.mat using Guid(3cb70a2c923288f42aa3cc72eb20b902) Importer(815301076,1909f56bfc062723c751e8b465ee728b)  -> (artifact id: '46cee807f645e29e747576cf7972990b') in 0.042495 seconds 
========================================================================
Received Import Request.
  Time since last request: 14.526462 seconds.
  path: Assets/Player.prefab
  artifactKey: Guid(c2b661c346549a2448a78f71d3ff1d2e) Importer(815301076,1909f56bfc062723c751e8b465ee728b)
Start importing Assets/Player.prefab using Guid(c2b661c346549a2448a78f71d3ff1d2e) Importer(815301076,1909f56bfc062723c751e8b465ee728b)  -> (artifact id: '99cffc45f7d0b0ff090c9f82dbeae4e0') in 0.010040 seconds 
========================================================================
Received Import Request.
  Time since last request: 2.563755 seconds.
  path: Assets/Player.prefab
  artifactKey: Guid(c2b661c346549a2448a78f71d3ff1d2e) Importer(815301076,1909f56bfc062723c751e8b465ee728b)
Start importing Assets/Player.prefab using Guid(c2b661c346549a2448a78f71d3ff1d2e) Importer(815301076,1909f56bfc062723c751e8b465ee728b)  -> (artifact id: '15f272189fc6ed10511d04b3870c74d9') in 0.011902 seconds 
========================================================================
Received Import Request.
  Time since last request: 117.101272 seconds.
  path: Assets/Player.prefab
  artifactKey: Guid(c2b661c346549a2448a78f71d3ff1d2e) Importer(815301076,1909f56bfc062723c751e8b465ee728b)
Start importing Assets/Player.prefab using Guid(c2b661c346549a2448a78f71d3ff1d2e) Importer(815301076,1909f56bfc062723c751e8b465ee728b)  -> (artifact id: '03bd19470bb18ba64cf8f7466386e008') in 0.015822 seconds 
